2019-03-21 21:53:21 MySqlDaoFactory.java INFO  MySqlDaoFactory:55 - Getting db properties from file
2019-03-21 21:53:21 MySqlDaoFactory.java INFO  MySqlDaoFactory:61 - Loading db properties done
2019-03-21 21:53:21 MySqlDaoFactory.java INFO  MySqlDaoFactory:66 - Starting JDBC driver registration
2019-03-21 21:53:21 MySqlDaoFactory.java INFO  MySqlDaoFactory:34 - Create connection with DB
2019-03-21 21:53:22 MySqlDaoFactory.java INFO  MySqlDaoFactory:36 - Success connection
2019-03-21 21:53:22 AbstractDao.java TRACE AbstractDao:51 - Insert into our DВ..
2019-03-21 21:53:22 AbstractDao.java TRACE AbstractDao:54 - Finish insert our query
2019-03-21 21:53:22 AbstractDao.java TRACE AbstractDao:65 - Find  query in our Db
2019-03-21 21:53:22 AbstractDao.java TRACE AbstractDao:68 - We are putting our query into the object User
2019-03-21 21:53:22 AbstractDao.java TRACE AbstractDao:74 - Our object is right we returned this object
2019-03-21 22:00:49 MySqlDaoFactory.java INFO  MySqlDaoFactory:55 - Getting db properties from file
2019-03-21 22:00:49 MySqlDaoFactory.java INFO  MySqlDaoFactory:61 - Loading db properties done
2019-03-21 22:00:49 MySqlDaoFactory.java INFO  MySqlDaoFactory:66 - Starting JDBC driver registration
2019-03-21 22:00:49 MySqlDaoFactory.java INFO  MySqlDaoFactory:34 - Create connection with DB
2019-03-21 22:00:50 MySqlDaoFactory.java INFO  MySqlDaoFactory:36 - Success connection
2019-03-21 22:00:50 AbstractDao.java TRACE AbstractDao:88 - Find in Db
2019-03-21 22:00:50 AbstractDao.java TRACE AbstractDao:90 - Read with Data Base
2019-03-21 22:00:50 AbstractDao.java TRACE AbstractDao:93 - Created User for returned
2019-03-21 22:00:50 AbstractDao.java TRACE AbstractDao:114 - Find query in DataBase
2019-03-21 22:00:50 AbstractDao.java TRACE AbstractDao:117 - Query is fined and update
2019-03-21 22:01:45 MySqlDaoFactory.java INFO  MySqlDaoFactory:55 - Getting db properties from file
2019-03-21 22:01:45 MySqlDaoFactory.java INFO  MySqlDaoFactory:61 - Loading db properties done
2019-03-21 22:01:45 MySqlDaoFactory.java INFO  MySqlDaoFactory:66 - Starting JDBC driver registration
2019-03-21 22:01:45 MySqlDaoFactory.java INFO  MySqlDaoFactory:34 - Create connection with DB
2019-03-21 22:01:46 MySqlDaoFactory.java INFO  MySqlDaoFactory:36 - Success connection
2019-03-21 22:01:46 AbstractDao.java TRACE AbstractDao:88 - Find in Db
2019-03-21 22:01:46 AbstractDao.java TRACE AbstractDao:90 - Read with Data Base
2019-03-21 22:01:46 AbstractDao.java TRACE AbstractDao:93 - Created User for returned
2019-03-21 22:01:46 AbstractDao.java TRACE AbstractDao:114 - Find query in DataBase
2019-03-21 22:01:46 AbstractDao.java TRACE AbstractDao:117 - Query is fined and update
2019-03-21 22:03:43 MySqlDaoFactory.java INFO  MySqlDaoFactory:55 - Getting db properties from file
2019-03-21 22:03:43 MySqlDaoFactory.java INFO  MySqlDaoFactory:61 - Loading db properties done
2019-03-21 22:03:43 MySqlDaoFactory.java INFO  MySqlDaoFactory:66 - Starting JDBC driver registration
2019-03-21 22:03:43 MySqlDaoFactory.java INFO  MySqlDaoFactory:34 - Create connection with DB
2019-03-21 22:03:44 MySqlDaoFactory.java INFO  MySqlDaoFactory:36 - Success connection
2019-03-21 22:03:44 AbstractDao.java TRACE AbstractDao:88 - Find in Db
2019-03-21 22:03:44 AbstractDao.java TRACE AbstractDao:90 - Read with Data Base
2019-03-21 22:03:44 AbstractDao.java TRACE AbstractDao:93 - Created User for returned
2019-03-21 22:06:20 MySqlDaoFactory.java INFO  MySqlDaoFactory:55 - Getting db properties from file
2019-03-21 22:06:20 MySqlDaoFactory.java INFO  MySqlDaoFactory:61 - Loading db properties done
2019-03-21 22:06:20 MySqlDaoFactory.java INFO  MySqlDaoFactory:66 - Starting JDBC driver registration
2019-03-21 22:06:20 MySqlDaoFactory.java INFO  MySqlDaoFactory:34 - Create connection with DB
2019-03-21 22:06:21 MySqlDaoFactory.java INFO  MySqlDaoFactory:36 - Success connection
2019-03-21 22:06:21 AbstractDao.java TRACE AbstractDao:88 - Find in Db
2019-03-21 22:06:21 AbstractDao.java TRACE AbstractDao:90 - Read with Data Base
2019-03-21 22:06:21 AbstractDao.java TRACE AbstractDao:93 - Created User for returned
2019-03-21 22:06:21 AbstractDao.java TRACE AbstractDao:129 - We find query for deleted
2019-03-21 22:06:21 AbstractDao.java TRACE AbstractDao:132 - This query which we find is deleted
2019-03-21 22:15:42 MySqlDaoFactory.java INFO  MySqlDaoFactory:55 - Getting db properties from file
2019-03-21 22:15:42 MySqlDaoFactory.java INFO  MySqlDaoFactory:61 - Loading db properties done
2019-03-21 22:15:42 MySqlDaoFactory.java INFO  MySqlDaoFactory:66 - Starting JDBC driver registration
2019-03-21 22:15:42 MySqlDaoFactory.java INFO  MySqlDaoFactory:34 - Create connection with DB
2019-03-21 22:15:43 MySqlDaoFactory.java INFO  MySqlDaoFactory:36 - Success connection
2019-03-21 22:15:43 AbstractDao.java TRACE AbstractDao:88 - Find in Db
2019-03-21 22:15:43 AbstractDao.java TRACE AbstractDao:90 - Read with Data Base
2019-03-21 22:15:43 AbstractDao.java TRACE AbstractDao:93 - Created User for returned
2019-03-21 22:15:43 MySqlDaoFactory.java INFO  MySqlDaoFactory:55 - Getting db properties from file
2019-03-21 22:15:43 MySqlDaoFactory.java INFO  MySqlDaoFactory:61 - Loading db properties done
2019-03-21 22:15:43 MySqlDaoFactory.java INFO  MySqlDaoFactory:66 - Starting JDBC driver registration
2019-03-21 22:15:43 MySqlDaoFactory.java INFO  MySqlDaoFactory:34 - Create connection with DB
2019-03-21 22:15:43 MySqlDaoFactory.java INFO  MySqlDaoFactory:36 - Success connection
2019-03-21 22:15:43 AbstractDao.java TRACE AbstractDao:88 - Find in Db
2019-03-21 22:15:43 AbstractDao.java TRACE AbstractDao:90 - Read with Data Base
2019-03-21 22:15:43 AbstractDao.java TRACE AbstractDao:93 - Created User for returned
2019-03-21 22:15:43 MySqlDaoFactory.java INFO  MySqlDaoFactory:55 - Getting db properties from file
2019-03-21 22:15:43 MySqlDaoFactory.java INFO  MySqlDaoFactory:61 - Loading db properties done
2019-03-21 22:15:43 MySqlDaoFactory.java INFO  MySqlDaoFactory:66 - Starting JDBC driver registration
2019-03-21 22:15:43 MySqlDaoFactory.java INFO  MySqlDaoFactory:34 - Create connection with DB
2019-03-21 22:15:43 MySqlDaoFactory.java INFO  MySqlDaoFactory:36 - Success connection
2019-03-21 22:15:43 AbstractDao.java TRACE AbstractDao:88 - Find in Db
2019-03-21 22:15:43 AbstractDao.java TRACE AbstractDao:90 - Read with Data Base
2019-03-21 22:15:43 AbstractDao.java TRACE AbstractDao:93 - Created User for returned
2019-03-21 22:15:43 AbstractDao.java TRACE AbstractDao:129 - We find query for deleted
2019-03-21 22:15:43 MySqlDaoFactory.java INFO  MySqlDaoFactory:55 - Getting db properties from file
2019-03-21 22:15:43 MySqlDaoFactory.java INFO  MySqlDaoFactory:61 - Loading db properties done
2019-03-21 22:15:43 MySqlDaoFactory.java INFO  MySqlDaoFactory:66 - Starting JDBC driver registration
2019-03-21 22:15:43 MySqlDaoFactory.java INFO  MySqlDaoFactory:34 - Create connection with DB
2019-03-21 22:15:43 MySqlDaoFactory.java INFO  MySqlDaoFactory:36 - Success connection
2019-03-21 22:15:43 AbstractDao.java TRACE AbstractDao:51 - Insert into our DВ..
2019-03-21 22:15:43 AbstractDao.java TRACE AbstractDao:54 - Finish insert our query
2019-03-21 22:15:43 AbstractDao.java TRACE AbstractDao:65 - Find  query in our Db
2019-03-21 22:15:43 AbstractDao.java TRACE AbstractDao:68 - We are putting our query into the object User
2019-03-21 22:15:43 AbstractDao.java TRACE AbstractDao:74 - Our object is right we returned this object
2019-03-21 22:16:38 MySqlDaoFactory.java INFO  MySqlDaoFactory:55 - Getting db properties from file
2019-03-21 22:16:38 MySqlDaoFactory.java INFO  MySqlDaoFactory:61 - Loading db properties done
2019-03-21 22:16:38 MySqlDaoFactory.java INFO  MySqlDaoFactory:66 - Starting JDBC driver registration
2019-03-21 22:16:38 MySqlDaoFactory.java INFO  MySqlDaoFactory:34 - Create connection with DB
2019-03-21 22:16:39 MySqlDaoFactory.java INFO  MySqlDaoFactory:36 - Success connection
2019-03-21 22:16:39 AbstractDao.java TRACE AbstractDao:88 - Find in Db
2019-03-21 22:16:39 AbstractDao.java TRACE AbstractDao:90 - Read with Data Base
2019-03-21 22:16:39 AbstractDao.java TRACE AbstractDao:93 - Created User for returned
2019-03-21 22:16:39 MySqlDaoFactory.java INFO  MySqlDaoFactory:55 - Getting db properties from file
2019-03-21 22:16:39 MySqlDaoFactory.java INFO  MySqlDaoFactory:61 - Loading db properties done
2019-03-21 22:16:39 MySqlDaoFactory.java INFO  MySqlDaoFactory:66 - Starting JDBC driver registration
2019-03-21 22:16:39 MySqlDaoFactory.java INFO  MySqlDaoFactory:34 - Create connection with DB
2019-03-21 22:16:39 MySqlDaoFactory.java INFO  MySqlDaoFactory:36 - Success connection
2019-03-21 22:16:39 AbstractDao.java TRACE AbstractDao:88 - Find in Db
2019-03-21 22:16:39 AbstractDao.java TRACE AbstractDao:90 - Read with Data Base
2019-03-21 22:16:39 AbstractDao.java TRACE AbstractDao:93 - Created User for returned
2019-03-21 22:16:39 AbstractDao.java TRACE AbstractDao:114 - Find query in DataBase
2019-03-21 22:16:39 AbstractDao.java TRACE AbstractDao:117 - Query is fined and update
2019-03-21 22:16:39 MySqlDaoFactory.java INFO  MySqlDaoFactory:55 - Getting db properties from file
2019-03-21 22:16:39 MySqlDaoFactory.java INFO  MySqlDaoFactory:61 - Loading db properties done
2019-03-21 22:16:39 MySqlDaoFactory.java INFO  MySqlDaoFactory:66 - Starting JDBC driver registration
2019-03-21 22:16:39 MySqlDaoFactory.java INFO  MySqlDaoFactory:34 - Create connection with DB
2019-03-21 22:16:39 MySqlDaoFactory.java INFO  MySqlDaoFactory:36 - Success connection
2019-03-21 22:16:39 AbstractDao.java TRACE AbstractDao:88 - Find in Db
2019-03-21 22:16:39 AbstractDao.java TRACE AbstractDao:90 - Read with Data Base
2019-03-21 22:16:39 AbstractDao.java TRACE AbstractDao:93 - Created User for returned
2019-03-21 22:16:39 AbstractDao.java TRACE AbstractDao:129 - We find query for deleted
2019-03-21 22:16:39 AbstractDao.java TRACE AbstractDao:132 - This query which we find is deleted
2019-03-21 22:16:39 MySqlDaoFactory.java INFO  MySqlDaoFactory:55 - Getting db properties from file
2019-03-21 22:16:39 MySqlDaoFactory.java INFO  MySqlDaoFactory:61 - Loading db properties done
2019-03-21 22:16:39 MySqlDaoFactory.java INFO  MySqlDaoFactory:66 - Starting JDBC driver registration
2019-03-21 22:16:39 MySqlDaoFactory.java INFO  MySqlDaoFactory:34 - Create connection with DB
2019-03-21 22:16:39 MySqlDaoFactory.java INFO  MySqlDaoFactory:36 - Success connection
2019-03-21 22:16:39 AbstractDao.java TRACE AbstractDao:51 - Insert into our DВ..
2019-03-21 22:16:39 AbstractDao.java TRACE AbstractDao:54 - Finish insert our query
2019-03-21 22:16:39 AbstractDao.java TRACE AbstractDao:65 - Find  query in our Db
2019-03-21 22:16:39 AbstractDao.java TRACE AbstractDao:68 - We are putting our query into the object User
2019-03-21 22:16:39 AbstractDao.java TRACE AbstractDao:74 - Our object is right we returned this object
2019-03-21 22:30:28 MySqlDaoFactory.java INFO  MySqlDaoFactory:55 - Getting db properties from file
2019-03-21 22:30:28 MySqlDaoFactory.java INFO  MySqlDaoFactory:61 - Loading db properties done
2019-03-21 22:30:28 MySqlDaoFactory.java INFO  MySqlDaoFactory:66 - Starting JDBC driver registration
2019-03-21 22:30:28 MySqlDaoFactory.java INFO  MySqlDaoFactory:34 - Create connection with DB
2019-03-21 22:30:28 MySqlDaoFactory.java INFO  MySqlDaoFactory:36 - Success connection
2019-03-21 22:30:28 AbstractDao.java TRACE AbstractDao:51 - Insert into our DВ..
2019-03-21 22:30:28 AbstractDao.java TRACE AbstractDao:54 - Finish insert our query
2019-03-21 22:30:28 AbstractDao.java TRACE AbstractDao:65 - Find  query in our Db
2019-03-21 22:30:28 AbstractDao.java TRACE AbstractDao:68 - We are putting our query into the object User
2019-03-21 22:30:28 AbstractDao.java TRACE AbstractDao:74 - Our object is right we returned this object
2019-03-21 22:31:42 MySqlDaoFactory.java INFO  MySqlDaoFactory:55 - Getting db properties from file
2019-03-21 22:31:42 MySqlDaoFactory.java INFO  MySqlDaoFactory:61 - Loading db properties done
2019-03-21 22:31:42 MySqlDaoFactory.java INFO  MySqlDaoFactory:66 - Starting JDBC driver registration
2019-03-21 22:31:42 MySqlDaoFactory.java INFO  MySqlDaoFactory:34 - Create connection with DB
2019-03-21 22:31:42 MySqlDaoFactory.java INFO  MySqlDaoFactory:36 - Success connection
2019-03-21 22:31:42 AbstractDao.java TRACE AbstractDao:51 - Insert into our DВ..
2019-03-21 22:31:42 AbstractDao.java TRACE AbstractDao:54 - Finish insert our query
2019-03-21 22:31:42 AbstractDao.java TRACE AbstractDao:65 - Find  query in our Db
2019-03-21 22:31:42 AbstractDao.java TRACE AbstractDao:68 - We are putting our query into the object User
2019-03-21 22:31:42 AbstractDao.java TRACE AbstractDao:74 - Our object is right we returned this object
2019-03-21 22:37:57 MySqlDaoFactory.java INFO  MySqlDaoFactory:55 - Getting db properties from file
2019-03-21 22:37:57 MySqlDaoFactory.java INFO  MySqlDaoFactory:61 - Loading db properties done
2019-03-21 22:37:57 MySqlDaoFactory.java INFO  MySqlDaoFactory:66 - Starting JDBC driver registration
2019-03-21 22:37:57 MySqlDaoFactory.java INFO  MySqlDaoFactory:34 - Create connection with DB
2019-03-21 22:37:57 MySqlDaoFactory.java INFO  MySqlDaoFactory:36 - Success connection
2019-03-21 22:37:57 AbstractDao.java TRACE AbstractDao:88 - Find in Db
2019-03-21 22:38:50 MySqlDaoFactory.java INFO  MySqlDaoFactory:55 - Getting db properties from file
2019-03-21 22:38:50 MySqlDaoFactory.java INFO  MySqlDaoFactory:61 - Loading db properties done
2019-03-21 22:38:50 MySqlDaoFactory.java INFO  MySqlDaoFactory:66 - Starting JDBC driver registration
2019-03-21 22:38:50 MySqlDaoFactory.java INFO  MySqlDaoFactory:34 - Create connection with DB
2019-03-21 22:38:50 MySqlDaoFactory.java INFO  MySqlDaoFactory:36 - Success connection
2019-03-21 22:38:50 AbstractDao.java TRACE AbstractDao:88 - Find in Db
2019-03-21 22:38:50 AbstractDao.java TRACE AbstractDao:90 - Read with Data Base
2019-03-21 22:38:50 AbstractDao.java TRACE AbstractDao:93 - Created User for returned
2019-03-21 22:39:14 MySqlDaoFactory.java INFO  MySqlDaoFactory:55 - Getting db properties from file
2019-03-21 22:39:14 MySqlDaoFactory.java INFO  MySqlDaoFactory:61 - Loading db properties done
2019-03-21 22:39:14 MySqlDaoFactory.java INFO  MySqlDaoFactory:66 - Starting JDBC driver registration
2019-03-21 22:39:14 MySqlDaoFactory.java INFO  MySqlDaoFactory:34 - Create connection with DB
2019-03-21 22:39:14 MySqlDaoFactory.java INFO  MySqlDaoFactory:36 - Success connection
2019-03-21 22:39:15 AbstractDao.java TRACE AbstractDao:88 - Find in Db
2019-03-21 22:39:15 AbstractDao.java TRACE AbstractDao:90 - Read with Data Base
2019-03-21 22:39:15 AbstractDao.java TRACE AbstractDao:93 - Created User for returned
2019-03-21 22:43:58 MySqlDaoFactory.java INFO  MySqlDaoFactory:55 - Getting db properties from file
2019-03-21 22:43:58 MySqlDaoFactory.java INFO  MySqlDaoFactory:61 - Loading db properties done
2019-03-21 22:43:58 MySqlDaoFactory.java INFO  MySqlDaoFactory:66 - Starting JDBC driver registration
2019-03-21 22:43:58 MySqlDaoFactory.java INFO  MySqlDaoFactory:34 - Create connection with DB
2019-03-21 22:43:59 MySqlDaoFactory.java INFO  MySqlDaoFactory:36 - Success connection
2019-03-21 22:43:59 AbstractDao.java TRACE AbstractDao:88 - Find in Db
2019-03-21 22:43:59 AbstractDao.java TRACE AbstractDao:90 - Read with Data Base
2019-03-21 22:43:59 AbstractDao.java TRACE AbstractDao:93 - Created User for returned
2019-03-21 22:43:59 AbstractDao.java TRACE AbstractDao:88 - Find in Db
2019-03-21 22:43:59 AbstractDao.java TRACE AbstractDao:90 - Read with Data Base
2019-03-21 22:43:59 AbstractDao.java TRACE AbstractDao:93 - Created User for returned
2019-03-21 22:44:34 MySqlDaoFactory.java INFO  MySqlDaoFactory:55 - Getting db properties from file
2019-03-21 22:44:34 MySqlDaoFactory.java INFO  MySqlDaoFactory:61 - Loading db properties done
2019-03-21 22:44:34 MySqlDaoFactory.java INFO  MySqlDaoFactory:66 - Starting JDBC driver registration
2019-03-21 22:44:34 MySqlDaoFactory.java INFO  MySqlDaoFactory:34 - Create connection with DB
2019-03-21 22:44:35 MySqlDaoFactory.java INFO  MySqlDaoFactory:36 - Success connection
2019-03-21 22:44:35 AbstractDao.java TRACE AbstractDao:88 - Find in Db
2019-03-21 22:44:35 AbstractDao.java TRACE AbstractDao:90 - Read with Data Base
2019-03-21 22:44:35 AbstractDao.java TRACE AbstractDao:93 - Created User for returned
2019-03-21 22:44:35 AbstractDao.java TRACE AbstractDao:88 - Find in Db
2019-03-21 22:44:35 AbstractDao.java TRACE AbstractDao:90 - Read with Data Base
2019-03-21 22:44:35 AbstractDao.java TRACE AbstractDao:93 - Created User for returned
2019-03-21 22:45:24 MySqlDaoFactory.java INFO  MySqlDaoFactory:55 - Getting db properties from file
2019-03-21 22:45:24 MySqlDaoFactory.java INFO  MySqlDaoFactory:61 - Loading db properties done
2019-03-21 22:45:24 MySqlDaoFactory.java INFO  MySqlDaoFactory:66 - Starting JDBC driver registration
2019-03-21 22:45:24 MySqlDaoFactory.java INFO  MySqlDaoFactory:34 - Create connection with DB
2019-03-21 22:45:24 MySqlDaoFactory.java INFO  MySqlDaoFactory:36 - Success connection
2019-03-21 22:45:24 AbstractDao.java TRACE AbstractDao:88 - Find in Db
2019-03-21 22:45:24 AbstractDao.java TRACE AbstractDao:90 - Read with Data Base
2019-03-21 22:45:24 AbstractDao.java TRACE AbstractDao:93 - Created User for returned
2019-03-21 22:45:24 AbstractDao.java TRACE AbstractDao:88 - Find in Db
2019-03-21 22:45:24 AbstractDao.java TRACE AbstractDao:90 - Read with Data Base
2019-03-21 22:45:24 AbstractDao.java TRACE AbstractDao:93 - Created User for returned
2019-03-21 22:45:57 MySqlDaoFactory.java INFO  MySqlDaoFactory:55 - Getting db properties from file
2019-03-21 22:45:57 MySqlDaoFactory.java INFO  MySqlDaoFactory:61 - Loading db properties done
2019-03-21 22:45:57 MySqlDaoFactory.java INFO  MySqlDaoFactory:66 - Starting JDBC driver registration
2019-03-21 22:45:57 MySqlDaoFactory.java INFO  MySqlDaoFactory:34 - Create connection with DB
2019-03-21 22:45:57 MySqlDaoFactory.java INFO  MySqlDaoFactory:36 - Success connection
2019-03-21 22:45:58 AbstractDao.java TRACE AbstractDao:88 - Find in Db
2019-03-21 22:45:58 AbstractDao.java TRACE AbstractDao:90 - Read with Data Base
2019-03-21 22:45:58 AbstractDao.java TRACE AbstractDao:93 - Created User for returned
2019-03-21 22:45:58 AbstractDao.java TRACE AbstractDao:88 - Find in Db
2019-03-21 22:45:58 AbstractDao.java TRACE AbstractDao:90 - Read with Data Base
2019-03-21 22:45:58 AbstractDao.java TRACE AbstractDao:93 - Created User for returned
2019-03-21 22:46:13 MySqlDaoFactory.java INFO  MySqlDaoFactory:55 - Getting db properties from file
2019-03-21 22:46:13 MySqlDaoFactory.java INFO  MySqlDaoFactory:61 - Loading db properties done
2019-03-21 22:46:13 MySqlDaoFactory.java INFO  MySqlDaoFactory:66 - Starting JDBC driver registration
2019-03-21 22:46:13 MySqlDaoFactory.java INFO  MySqlDaoFactory:34 - Create connection with DB
2019-03-21 22:46:13 MySqlDaoFactory.java INFO  MySqlDaoFactory:36 - Success connection
2019-03-21 22:46:13 AbstractDao.java TRACE AbstractDao:88 - Find in Db
2019-03-21 22:46:13 AbstractDao.java TRACE AbstractDao:90 - Read with Data Base
2019-03-21 22:46:13 AbstractDao.java TRACE AbstractDao:93 - Created User for returned
2019-03-21 22:46:13 AbstractDao.java TRACE AbstractDao:88 - Find in Db
2019-03-21 22:46:13 AbstractDao.java TRACE AbstractDao:90 - Read with Data Base
2019-03-21 22:46:13 AbstractDao.java TRACE AbstractDao:93 - Created User for returned
2019-03-21 22:46:24 MySqlDaoFactory.java INFO  MySqlDaoFactory:55 - Getting db properties from file
2019-03-21 22:46:24 MySqlDaoFactory.java INFO  MySqlDaoFactory:61 - Loading db properties done
2019-03-21 22:46:24 MySqlDaoFactory.java INFO  MySqlDaoFactory:66 - Starting JDBC driver registration
2019-03-21 22:46:24 MySqlDaoFactory.java INFO  MySqlDaoFactory:34 - Create connection with DB
2019-03-21 22:46:25 MySqlDaoFactory.java INFO  MySqlDaoFactory:36 - Success connection
2019-03-21 22:46:25 AbstractDao.java TRACE AbstractDao:88 - Find in Db
2019-03-21 22:46:25 AbstractDao.java TRACE AbstractDao:90 - Read with Data Base
2019-03-21 22:46:25 AbstractDao.java TRACE AbstractDao:93 - Created User for returned
2019-03-21 22:46:25 AbstractDao.java TRACE AbstractDao:88 - Find in Db
2019-03-21 22:46:25 AbstractDao.java TRACE AbstractDao:90 - Read with Data Base
2019-03-21 22:46:25 AbstractDao.java TRACE AbstractDao:93 - Created User for returned
2019-03-21 22:46:38 MySqlDaoFactory.java INFO  MySqlDaoFactory:55 - Getting db properties from file
2019-03-21 22:46:38 MySqlDaoFactory.java INFO  MySqlDaoFactory:61 - Loading db properties done
2019-03-21 22:46:38 MySqlDaoFactory.java INFO  MySqlDaoFactory:66 - Starting JDBC driver registration
2019-03-21 22:46:38 MySqlDaoFactory.java INFO  MySqlDaoFactory:34 - Create connection with DB
2019-03-21 22:46:39 MySqlDaoFactory.java INFO  MySqlDaoFactory:36 - Success connection
2019-03-21 22:46:39 AbstractDao.java TRACE AbstractDao:88 - Find in Db
2019-03-21 22:46:39 AbstractDao.java TRACE AbstractDao:90 - Read with Data Base
2019-03-21 22:46:39 AbstractDao.java TRACE AbstractDao:93 - Created User for returned
2019-03-21 22:46:39 AbstractDao.java TRACE AbstractDao:88 - Find in Db
2019-03-21 22:46:39 AbstractDao.java TRACE AbstractDao:90 - Read with Data Base
2019-03-21 22:46:39 AbstractDao.java TRACE AbstractDao:93 - Created User for returned
2019-03-21 22:47:46 MySqlDaoFactory.java INFO  MySqlDaoFactory:55 - Getting db properties from file
2019-03-21 22:47:46 MySqlDaoFactory.java INFO  MySqlDaoFactory:61 - Loading db properties done
2019-03-21 22:47:46 MySqlDaoFactory.java INFO  MySqlDaoFactory:66 - Starting JDBC driver registration
2019-03-21 22:47:46 MySqlDaoFactory.java INFO  MySqlDaoFactory:34 - Create connection with DB
2019-03-21 22:47:47 MySqlDaoFactory.java INFO  MySqlDaoFactory:36 - Success connection
2019-03-21 22:47:47 AbstractDao.java TRACE AbstractDao:88 - Find in Db
2019-03-21 22:47:47 AbstractDao.java TRACE AbstractDao:90 - Read with Data Base
2019-03-21 22:47:47 AbstractDao.java TRACE AbstractDao:93 - Created User for returned
2019-03-21 22:47:47 AbstractDao.java TRACE AbstractDao:88 - Find in Db
2019-03-21 22:47:47 AbstractDao.java TRACE AbstractDao:90 - Read with Data Base
2019-03-21 22:47:47 AbstractDao.java TRACE AbstractDao:93 - Created User for returned
2019-03-21 22:49:07 MySqlDaoFactory.java INFO  MySqlDaoFactory:55 - Getting db properties from file
2019-03-21 22:49:07 MySqlDaoFactory.java INFO  MySqlDaoFactory:61 - Loading db properties done
2019-03-21 22:49:07 MySqlDaoFactory.java INFO  MySqlDaoFactory:66 - Starting JDBC driver registration
2019-03-21 22:49:07 MySqlDaoFactory.java INFO  MySqlDaoFactory:34 - Create connection with DB
2019-03-21 22:49:07 MySqlDaoFactory.java INFO  MySqlDaoFactory:36 - Success connection
2019-03-21 22:49:07 AbstractDao.java TRACE AbstractDao:88 - Find in Db
2019-03-21 22:49:07 AbstractDao.java TRACE AbstractDao:90 - Read with Data Base
2019-03-21 22:49:07 AbstractDao.java TRACE AbstractDao:93 - Created User for returned
2019-03-21 22:49:07 AbstractDao.java TRACE AbstractDao:88 - Find in Db
2019-03-21 22:49:07 AbstractDao.java TRACE AbstractDao:90 - Read with Data Base
2019-03-21 22:49:07 AbstractDao.java TRACE AbstractDao:93 - Created User for returned
2019-03-21 22:50:22 MySqlDaoFactory.java INFO  MySqlDaoFactory:55 - Getting db properties from file
2019-03-21 22:50:22 MySqlDaoFactory.java INFO  MySqlDaoFactory:61 - Loading db properties done
2019-03-21 22:50:22 MySqlDaoFactory.java INFO  MySqlDaoFactory:66 - Starting JDBC driver registration
2019-03-21 22:50:22 MySqlDaoFactory.java INFO  MySqlDaoFactory:34 - Create connection with DB
2019-03-21 22:50:23 MySqlDaoFactory.java INFO  MySqlDaoFactory:36 - Success connection
2019-03-21 22:50:23 AbstractDao.java TRACE AbstractDao:88 - Find in Db
2019-03-21 22:50:23 AbstractDao.java TRACE AbstractDao:90 - Read with Data Base
2019-03-21 22:50:23 AbstractDao.java TRACE AbstractDao:93 - Created User for returned
2019-03-21 22:50:23 AbstractDao.java TRACE AbstractDao:114 - Find query in DataBase
2019-03-21 22:50:23 AbstractDao.java TRACE AbstractDao:119 - We aren't is update query in this Db
2019-03-21 22:50:23 AbstractDao.java ERROR AbstractDao:120 - No value specified for parameter 5
2019-03-21 22:50:55 MySqlDaoFactory.java INFO  MySqlDaoFactory:55 - Getting db properties from file
2019-03-21 22:50:55 MySqlDaoFactory.java INFO  MySqlDaoFactory:61 - Loading db properties done
2019-03-21 22:50:55 MySqlDaoFactory.java INFO  MySqlDaoFactory:66 - Starting JDBC driver registration
2019-03-21 22:50:55 MySqlDaoFactory.java INFO  MySqlDaoFactory:34 - Create connection with DB
2019-03-21 22:50:55 MySqlDaoFactory.java INFO  MySqlDaoFactory:36 - Success connection
2019-03-21 22:50:55 AbstractDao.java TRACE AbstractDao:88 - Find in Db
2019-03-21 22:50:55 AbstractDao.java TRACE AbstractDao:90 - Read with Data Base
2019-03-21 22:50:55 AbstractDao.java TRACE AbstractDao:93 - Created User for returned
2019-03-21 22:50:55 AbstractDao.java TRACE AbstractDao:114 - Find query in DataBase
2019-03-21 22:50:55 AbstractDao.java TRACE AbstractDao:119 - We aren't is update query in this Db
2019-03-21 22:50:55 AbstractDao.java ERROR AbstractDao:120 - No value specified for parameter 5
2019-03-21 22:51:57 MySqlDaoFactory.java INFO  MySqlDaoFactory:55 - Getting db properties from file
2019-03-21 22:51:57 MySqlDaoFactory.java INFO  MySqlDaoFactory:61 - Loading db properties done
2019-03-21 22:51:57 MySqlDaoFactory.java INFO  MySqlDaoFactory:66 - Starting JDBC driver registration
2019-03-21 22:51:57 MySqlDaoFactory.java INFO  MySqlDaoFactory:34 - Create connection with DB
2019-03-21 22:51:58 MySqlDaoFactory.java INFO  MySqlDaoFactory:36 - Success connection
2019-03-21 22:51:58 AbstractDao.java TRACE AbstractDao:88 - Find in Db
2019-03-21 22:51:58 AbstractDao.java TRACE AbstractDao:90 - Read with Data Base
2019-03-21 22:51:58 AbstractDao.java TRACE AbstractDao:93 - Created User for returned
2019-03-21 22:51:58 AbstractDao.java TRACE AbstractDao:114 - Find query in DataBase
2019-03-21 22:51:58 AbstractDao.java TRACE AbstractDao:119 - We aren't is update query in this Db
2019-03-21 22:51:58 AbstractDao.java ERROR AbstractDao:120 - No value specified for parameter 5
2019-03-21 22:52:19 MySqlDaoFactory.java INFO  MySqlDaoFactory:55 - Getting db properties from file
2019-03-21 22:52:19 MySqlDaoFactory.java INFO  MySqlDaoFactory:61 - Loading db properties done
2019-03-21 22:52:19 MySqlDaoFactory.java INFO  MySqlDaoFactory:66 - Starting JDBC driver registration
2019-03-21 22:52:19 MySqlDaoFactory.java INFO  MySqlDaoFactory:34 - Create connection with DB
2019-03-21 22:52:19 MySqlDaoFactory.java INFO  MySqlDaoFactory:36 - Success connection
2019-03-21 22:52:19 AbstractDao.java TRACE AbstractDao:88 - Find in Db
2019-03-21 22:52:19 AbstractDao.java TRACE AbstractDao:90 - Read with Data Base
2019-03-21 22:52:20 AbstractDao.java TRACE AbstractDao:93 - Created User for returned
2019-03-21 22:52:20 AbstractDao.java TRACE AbstractDao:114 - Find query in DataBase
2019-03-21 22:52:20 AbstractDao.java TRACE AbstractDao:119 - We aren't is update query in this Db
2019-03-21 22:52:20 AbstractDao.java ERROR AbstractDao:120 - No value specified for parameter 5
2019-03-21 22:52:42 MySqlDaoFactory.java INFO  MySqlDaoFactory:55 - Getting db properties from file
2019-03-21 22:52:42 MySqlDaoFactory.java INFO  MySqlDaoFactory:61 - Loading db properties done
2019-03-21 22:52:42 MySqlDaoFactory.java INFO  MySqlDaoFactory:66 - Starting JDBC driver registration
2019-03-21 22:52:43 MySqlDaoFactory.java INFO  MySqlDaoFactory:34 - Create connection with DB
2019-03-21 22:52:44 MySqlDaoFactory.java INFO  MySqlDaoFactory:36 - Success connection
2019-03-21 22:52:44 AbstractDao.java TRACE AbstractDao:88 - Find in Db
2019-03-21 22:52:44 AbstractDao.java TRACE AbstractDao:90 - Read with Data Base
2019-03-21 22:52:44 AbstractDao.java TRACE AbstractDao:93 - Created User for returned
2019-03-21 22:52:50 AbstractDao.java TRACE AbstractDao:114 - Find query in DataBase
2019-03-21 22:53:22 AbstractDao.java TRACE AbstractDao:119 - We aren't is update query in this Db
2019-03-21 22:53:25 AbstractDao.java ERROR AbstractDao:120 - No value specified for parameter 5
2019-03-21 22:54:56 MySqlDaoFactory.java INFO  MySqlDaoFactory:55 - Getting db properties from file
2019-03-21 22:54:56 MySqlDaoFactory.java INFO  MySqlDaoFactory:61 - Loading db properties done
2019-03-21 22:54:56 MySqlDaoFactory.java INFO  MySqlDaoFactory:66 - Starting JDBC driver registration
2019-03-21 22:54:56 MySqlDaoFactory.java INFO  MySqlDaoFactory:34 - Create connection with DB
2019-03-21 22:54:57 MySqlDaoFactory.java INFO  MySqlDaoFactory:36 - Success connection
2019-03-21 22:54:57 AbstractDao.java TRACE AbstractDao:88 - Find in Db
2019-03-21 22:54:57 AbstractDao.java TRACE AbstractDao:90 - Read with Data Base
2019-03-21 22:54:57 AbstractDao.java TRACE AbstractDao:93 - Created User for returned
2019-03-21 22:54:57 AbstractDao.java TRACE AbstractDao:114 - Find query in DataBase
2019-03-21 22:54:57 AbstractDao.java TRACE AbstractDao:119 - We aren't is update query in this Db
2019-03-21 22:54:57 AbstractDao.java ERROR AbstractDao:120 - No value specified for parameter 5
2019-03-21 22:55:28 MySqlDaoFactory.java INFO  MySqlDaoFactory:55 - Getting db properties from file
2019-03-21 22:55:28 MySqlDaoFactory.java INFO  MySqlDaoFactory:61 - Loading db properties done
2019-03-21 22:55:28 MySqlDaoFactory.java INFO  MySqlDaoFactory:66 - Starting JDBC driver registration
2019-03-21 22:55:28 MySqlDaoFactory.java INFO  MySqlDaoFactory:34 - Create connection with DB
2019-03-21 22:55:29 MySqlDaoFactory.java INFO  MySqlDaoFactory:36 - Success connection
2019-03-21 22:55:29 AbstractDao.java TRACE AbstractDao:88 - Find in Db
2019-03-21 22:55:29 AbstractDao.java TRACE AbstractDao:90 - Read with Data Base
2019-03-21 22:55:29 AbstractDao.java TRACE AbstractDao:93 - Created User for returned
2019-03-21 22:55:29 AbstractDao.java TRACE AbstractDao:88 - Find in Db
2019-03-21 22:55:29 AbstractDao.java TRACE AbstractDao:90 - Read with Data Base
2019-03-21 22:55:29 AbstractDao.java TRACE AbstractDao:93 - Created User for returned
2019-03-21 22:55:45 MySqlDaoFactory.java INFO  MySqlDaoFactory:55 - Getting db properties from file
2019-03-21 22:55:45 MySqlDaoFactory.java INFO  MySqlDaoFactory:61 - Loading db properties done
2019-03-21 22:55:45 MySqlDaoFactory.java INFO  MySqlDaoFactory:66 - Starting JDBC driver registration
2019-03-21 22:55:45 MySqlDaoFactory.java INFO  MySqlDaoFactory:34 - Create connection with DB
2019-03-21 22:55:46 MySqlDaoFactory.java INFO  MySqlDaoFactory:36 - Success connection
2019-03-21 22:55:46 AbstractDao.java TRACE AbstractDao:88 - Find in Db
2019-03-21 22:55:46 AbstractDao.java TRACE AbstractDao:90 - Read with Data Base
2019-03-21 22:55:46 AbstractDao.java TRACE AbstractDao:93 - Created User for returned
2019-03-21 22:55:46 AbstractDao.java TRACE AbstractDao:88 - Find in Db
2019-03-21 22:55:46 AbstractDao.java TRACE AbstractDao:90 - Read with Data Base
2019-03-21 22:55:46 AbstractDao.java TRACE AbstractDao:93 - Created User for returned
2019-03-21 22:56:32 MySqlDaoFactory.java INFO  MySqlDaoFactory:55 - Getting db properties from file
2019-03-21 22:56:32 MySqlDaoFactory.java INFO  MySqlDaoFactory:61 - Loading db properties done
2019-03-21 22:56:32 MySqlDaoFactory.java INFO  MySqlDaoFactory:66 - Starting JDBC driver registration
2019-03-21 22:56:32 MySqlDaoFactory.java INFO  MySqlDaoFactory:34 - Create connection with DB
2019-03-21 22:56:33 MySqlDaoFactory.java INFO  MySqlDaoFactory:36 - Success connection
2019-03-21 22:56:33 AbstractDao.java TRACE AbstractDao:88 - Find in Db
2019-03-21 22:56:33 AbstractDao.java TRACE AbstractDao:90 - Read with Data Base
2019-03-21 22:56:33 AbstractDao.java TRACE AbstractDao:93 - Created User for returned
2019-03-21 22:56:33 AbstractDao.java TRACE AbstractDao:114 - Find query in DataBase
2019-03-21 22:56:33 AbstractDao.java TRACE AbstractDao:119 - We aren't is update query in this Db
2019-03-21 22:56:33 AbstractDao.java ERROR AbstractDao:120 - No value specified for parameter 5
2019-03-21 23:00:15 MySqlDaoFactory.java INFO  MySqlDaoFactory:55 - Getting db properties from file
2019-03-21 23:00:15 MySqlDaoFactory.java INFO  MySqlDaoFactory:61 - Loading db properties done
2019-03-21 23:00:15 MySqlDaoFactory.java INFO  MySqlDaoFactory:66 - Starting JDBC driver registration
2019-03-21 23:00:15 MySqlDaoFactory.java INFO  MySqlDaoFactory:34 - Create connection with DB
2019-03-21 23:00:16 MySqlDaoFactory.java INFO  MySqlDaoFactory:36 - Success connection
2019-03-21 23:00:16 AbstractDao.java TRACE AbstractDao:88 - Find in Db
2019-03-21 23:00:16 AbstractDao.java TRACE AbstractDao:90 - Read with Data Base
2019-03-21 23:00:16 AbstractDao.java TRACE AbstractDao:93 - Created User for returned
2019-03-21 23:00:16 AbstractDao.java TRACE AbstractDao:129 - We find query for deleted
2019-03-21 23:00:16 AbstractDao.java TRACE AbstractDao:132 - This query which we find is deleted
2019-03-21 23:00:43 MySqlDaoFactory.java INFO  MySqlDaoFactory:55 - Getting db properties from file
2019-03-21 23:00:43 MySqlDaoFactory.java INFO  MySqlDaoFactory:61 - Loading db properties done
2019-03-21 23:00:43 MySqlDaoFactory.java INFO  MySqlDaoFactory:66 - Starting JDBC driver registration
2019-03-21 23:00:43 MySqlDaoFactory.java INFO  MySqlDaoFactory:34 - Create connection with DB
2019-03-21 23:00:44 MySqlDaoFactory.java INFO  MySqlDaoFactory:36 - Success connection
2019-03-21 23:00:44 AbstractDao.java TRACE AbstractDao:88 - Find in Db
2019-03-21 23:00:44 AbstractDao.java TRACE AbstractDao:90 - Read with Data Base
2019-03-21 23:00:44 AbstractDao.java TRACE AbstractDao:93 - Created User for returned
2019-03-21 23:00:44 MySqlDaoFactory.java INFO  MySqlDaoFactory:55 - Getting db properties from file
2019-03-21 23:00:44 MySqlDaoFactory.java INFO  MySqlDaoFactory:61 - Loading db properties done
2019-03-21 23:00:44 MySqlDaoFactory.java INFO  MySqlDaoFactory:66 - Starting JDBC driver registration
2019-03-21 23:00:44 MySqlDaoFactory.java INFO  MySqlDaoFactory:34 - Create connection with DB
2019-03-21 23:00:44 MySqlDaoFactory.java INFO  MySqlDaoFactory:36 - Success connection
2019-03-21 23:00:44 AbstractDao.java TRACE AbstractDao:88 - Find in Db
2019-03-21 23:00:44 AbstractDao.java TRACE AbstractDao:90 - Read with Data Base
2019-03-21 23:00:44 AbstractDao.java TRACE AbstractDao:93 - Created User for returned
2019-03-21 23:00:44 MySqlDaoFactory.java INFO  MySqlDaoFactory:55 - Getting db properties from file
2019-03-21 23:00:44 MySqlDaoFactory.java INFO  MySqlDaoFactory:61 - Loading db properties done
2019-03-21 23:00:44 MySqlDaoFactory.java INFO  MySqlDaoFactory:66 - Starting JDBC driver registration
2019-03-21 23:00:44 MySqlDaoFactory.java INFO  MySqlDaoFactory:34 - Create connection with DB
2019-03-21 23:00:44 MySqlDaoFactory.java INFO  MySqlDaoFactory:36 - Success connection
2019-03-21 23:00:44 AbstractDao.java TRACE AbstractDao:51 - Insert into our DВ..
2019-03-21 23:00:44 AbstractDao.java TRACE AbstractDao:54 - Finish insert our query
2019-03-21 23:00:44 AbstractDao.java TRACE AbstractDao:65 - Find  query in our Db
2019-03-21 23:00:44 AbstractDao.java TRACE AbstractDao:68 - We are putting our query into the object User
2019-03-21 23:00:44 AbstractDao.java TRACE AbstractDao:74 - Our object is right we returned this object
2019-03-21 23:00:44 MySqlDaoFactory.java INFO  MySqlDaoFactory:55 - Getting db properties from file
2019-03-21 23:00:44 MySqlDaoFactory.java INFO  MySqlDaoFactory:61 - Loading db properties done
2019-03-21 23:00:44 MySqlDaoFactory.java INFO  MySqlDaoFactory:66 - Starting JDBC driver registration
2019-03-21 23:00:44 MySqlDaoFactory.java INFO  MySqlDaoFactory:34 - Create connection with DB
2019-03-21 23:00:44 MySqlDaoFactory.java INFO  MySqlDaoFactory:36 - Success connection
2019-03-21 23:00:44 AbstractDao.java TRACE AbstractDao:88 - Find in Db
2019-03-21 23:00:44 AbstractDao.java TRACE AbstractDao:90 - Read with Data Base
2019-03-21 23:00:44 AbstractDao.java TRACE AbstractDao:93 - Created User for returned
2019-03-21 23:00:44 AbstractDao.java TRACE AbstractDao:129 - We find query for deleted
2019-03-21 23:01:35 MySqlDaoFactory.java INFO  MySqlDaoFactory:55 - Getting db properties from file
2019-03-21 23:01:35 MySqlDaoFactory.java INFO  MySqlDaoFactory:61 - Loading db properties done
2019-03-21 23:01:35 MySqlDaoFactory.java INFO  MySqlDaoFactory:66 - Starting JDBC driver registration
2019-03-21 23:01:35 MySqlDaoFactory.java INFO  MySqlDaoFactory:34 - Create connection with DB
2019-03-21 23:01:36 MySqlDaoFactory.java INFO  MySqlDaoFactory:36 - Success connection
2019-03-21 23:01:36 AbstractDao.java TRACE AbstractDao:88 - Find in Db
2019-03-21 23:01:36 AbstractDao.java TRACE AbstractDao:90 - Read with Data Base
2019-03-21 23:01:36 AbstractDao.java TRACE AbstractDao:93 - Created User for returned
2019-03-21 23:01:36 AbstractDao.java TRACE AbstractDao:114 - Find query in DataBase
2019-03-21 23:01:36 AbstractDao.java TRACE AbstractDao:119 - We aren't is update query in this Db
2019-03-21 23:01:36 AbstractDao.java ERROR AbstractDao:120 - No value specified for parameter 5
2019-03-21 23:01:36 MySqlDaoFactory.java INFO  MySqlDaoFactory:55 - Getting db properties from file
2019-03-21 23:01:36 MySqlDaoFactory.java INFO  MySqlDaoFactory:61 - Loading db properties done
2019-03-21 23:01:36 MySqlDaoFactory.java INFO  MySqlDaoFactory:66 - Starting JDBC driver registration
2019-03-21 23:01:36 MySqlDaoFactory.java INFO  MySqlDaoFactory:34 - Create connection with DB
2019-03-21 23:01:36 MySqlDaoFactory.java INFO  MySqlDaoFactory:36 - Success connection
2019-03-21 23:01:36 AbstractDao.java TRACE AbstractDao:88 - Find in Db
2019-03-21 23:01:36 AbstractDao.java TRACE AbstractDao:90 - Read with Data Base
2019-03-21 23:01:36 AbstractDao.java TRACE AbstractDao:93 - Created User for returned
2019-03-21 23:01:36 MySqlDaoFactory.java INFO  MySqlDaoFactory:55 - Getting db properties from file
2019-03-21 23:01:36 MySqlDaoFactory.java INFO  MySqlDaoFactory:61 - Loading db properties done
2019-03-21 23:01:36 MySqlDaoFactory.java INFO  MySqlDaoFactory:66 - Starting JDBC driver registration
2019-03-21 23:01:36 MySqlDaoFactory.java INFO  MySqlDaoFactory:34 - Create connection with DB
2019-03-21 23:01:36 MySqlDaoFactory.java INFO  MySqlDaoFactory:36 - Success connection
2019-03-21 23:01:36 AbstractDao.java TRACE AbstractDao:51 - Insert into our DВ..
2019-03-21 23:01:36 AbstractDao.java TRACE AbstractDao:54 - Finish insert our query
2019-03-21 23:01:36 AbstractDao.java TRACE AbstractDao:65 - Find  query in our Db
2019-03-21 23:01:36 AbstractDao.java TRACE AbstractDao:68 - We are putting our query into the object User
2019-03-21 23:01:36 AbstractDao.java TRACE AbstractDao:74 - Our object is right we returned this object
2019-03-21 23:01:36 MySqlDaoFactory.java INFO  MySqlDaoFactory:55 - Getting db properties from file
2019-03-21 23:01:36 MySqlDaoFactory.java INFO  MySqlDaoFactory:61 - Loading db properties done
2019-03-21 23:01:36 MySqlDaoFactory.java INFO  MySqlDaoFactory:66 - Starting JDBC driver registration
2019-03-21 23:01:36 MySqlDaoFactory.java INFO  MySqlDaoFactory:34 - Create connection with DB
2019-03-21 23:01:36 MySqlDaoFactory.java INFO  MySqlDaoFactory:36 - Success connection
2019-03-21 23:01:36 AbstractDao.java TRACE AbstractDao:88 - Find in Db
2019-03-21 23:01:36 AbstractDao.java TRACE AbstractDao:90 - Read with Data Base
2019-03-21 23:01:36 AbstractDao.java TRACE AbstractDao:93 - Created User for returned
2019-03-21 23:01:36 AbstractDao.java TRACE AbstractDao:129 - We find query for deleted
2019-03-21 23:01:36 AbstractDao.java TRACE AbstractDao:132 - This query which we find is deleted
2019-03-21 23:06:23 MySqlDaoFactory.java INFO  MySqlDaoFactory:55 - Getting db properties from file
2019-03-21 23:06:23 MySqlDaoFactory.java INFO  MySqlDaoFactory:61 - Loading db properties done
2019-03-21 23:06:23 MySqlDaoFactory.java INFO  MySqlDaoFactory:66 - Starting JDBC driver registration
2019-03-21 23:06:23 MySqlDaoFactory.java INFO  MySqlDaoFactory:34 - Create connection with DB
2019-03-21 23:06:24 MySqlDaoFactory.java INFO  MySqlDaoFactory:36 - Success connection
2019-03-21 23:06:24 AbstractDao.java TRACE AbstractDao:88 - Find in Db
2019-03-21 23:06:24 AbstractDao.java TRACE AbstractDao:90 - Read with Data Base
2019-03-21 23:06:24 AbstractDao.java TRACE AbstractDao:93 - Created User for returned
2019-03-21 23:06:24 MySqlDaoFactory.java INFO  MySqlDaoFactory:55 - Getting db properties from file
2019-03-21 23:06:24 MySqlDaoFactory.java INFO  MySqlDaoFactory:61 - Loading db properties done
2019-03-21 23:06:24 MySqlDaoFactory.java INFO  MySqlDaoFactory:66 - Starting JDBC driver registration
2019-03-21 23:06:24 MySqlDaoFactory.java INFO  MySqlDaoFactory:34 - Create connection with DB
2019-03-21 23:06:24 MySqlDaoFactory.java INFO  MySqlDaoFactory:36 - Success connection
2019-03-21 23:06:24 AbstractDao.java TRACE AbstractDao:88 - Find in Db
2019-03-21 23:06:24 AbstractDao.java TRACE AbstractDao:90 - Read with Data Base
2019-03-21 23:06:24 AbstractDao.java TRACE AbstractDao:93 - Created User for returned
2019-03-21 23:06:24 MySqlDaoFactory.java INFO  MySqlDaoFactory:55 - Getting db properties from file
2019-03-21 23:06:24 MySqlDaoFactory.java INFO  MySqlDaoFactory:61 - Loading db properties done
2019-03-21 23:06:24 MySqlDaoFactory.java INFO  MySqlDaoFactory:66 - Starting JDBC driver registration
2019-03-21 23:06:24 MySqlDaoFactory.java INFO  MySqlDaoFactory:34 - Create connection with DB
2019-03-21 23:06:24 MySqlDaoFactory.java INFO  MySqlDaoFactory:36 - Success connection
2019-03-21 23:06:24 AbstractDao.java TRACE AbstractDao:51 - Insert into our DВ..
2019-03-21 23:06:24 AbstractDao.java TRACE AbstractDao:54 - Finish insert our query
2019-03-21 23:06:24 AbstractDao.java TRACE AbstractDao:65 - Find  query in our Db
2019-03-21 23:06:24 AbstractDao.java TRACE AbstractDao:68 - We are putting our query into the object User
2019-03-21 23:06:24 AbstractDao.java TRACE AbstractDao:74 - Our object is right we returned this object
2019-03-21 23:06:24 MySqlDaoFactory.java INFO  MySqlDaoFactory:55 - Getting db properties from file
2019-03-21 23:06:24 MySqlDaoFactory.java INFO  MySqlDaoFactory:61 - Loading db properties done
2019-03-21 23:06:24 MySqlDaoFactory.java INFO  MySqlDaoFactory:66 - Starting JDBC driver registration
2019-03-21 23:06:24 MySqlDaoFactory.java INFO  MySqlDaoFactory:34 - Create connection with DB
2019-03-21 23:06:24 MySqlDaoFactory.java INFO  MySqlDaoFactory:36 - Success connection
2019-03-21 23:06:24 AbstractDao.java TRACE AbstractDao:88 - Find in Db
2019-03-21 23:06:24 AbstractDao.java TRACE AbstractDao:90 - Read with Data Base
2019-03-21 23:06:24 AbstractDao.java TRACE AbstractDao:93 - Created User for returned
2019-03-21 23:06:24 AbstractDao.java TRACE AbstractDao:129 - We find query for deleted
